This file contains any messages produced by compilers while
running configure, to aid debugging if configure makes a mistake.

It was created by ROMIO configure Open MPI, which was
generated by GNU Autoconf 2.69.  Invocation command line was

  $ ./configure FROM_OMPI=yes CC=gcc CFLAGS=-O3 -DNDEBUG -finline-functions -fno-strict-aliasing -mcx16 -pthread -D__EXTENSIONS__ CPPFLAGS=-I/workspace/OpenROAD-flow-scripts/tools/openmpi-4.0.1/opal/mca/hwloc/hwloc201/hwloc/include    FFLAGS= LDFLAGS=   --enable-shared --disable-static --disable-aio --disable-weak-symbols --enable-strict --disable-f77 --disable-f90 --cache-file=/dev/null --srcdir=. --disable-option-checking

## --------- ##
## Platform. ##
## --------- ##

hostname = b224hisl-openroadflowsc-475mpzqglnx
uname -m = x86_64
uname -r = 5.15.0-47-generic
uname -s = Linux
uname -v = #51-Ubuntu SMP Thu Aug 11 07:51:15 UTC 2022

/usr/bin/uname -p = x86_64
/bin/uname -X     = unknown

/bin/arch              = x86_64
/usr/bin/arch -k       = unknown
/usr/convex/getsysinfo = unknown
/usr/bin/hostinfo      = unknown
/bin/machine           = unknown
/usr/bin/oslevel       = unknown
/bin/universe          = unknown

PATH: /workspace/.cargo/bin
PATH: /home/gitpod/.pyenv/shims
PATH: /workspace/go/bin
PATH: /home/gitpod/.nix-profile/bin
PATH: /ide/bin/remote-cli
PATH: /home/gitpod/.nix-profile/bin
PATH: /home/gitpod/.local/bin
PATH: /home/gitpod/.sdkman/candidates/maven/current/bin
PATH: /home/gitpod/.sdkman/candidates/java/current/bin
PATH: /home/gitpod/.sdkman/candidates/gradle/current/bin
PATH: /workspace/.cargo/bin
PATH: /home/gitpod/.rvm/gems/ruby-3.1.2/bin
PATH: /home/gitpod/.rvm/gems/ruby-3.1.2@global/bin
PATH: /home/gitpod/.rvm/rubies/ruby-3.1.2/bin
PATH: /workspace/go/bin
PATH: /home/gitpod/.nix-profile/bin
PATH: /ide/bin/remote-cli
PATH: /home/gitpod/go/bin
PATH: /home/gitpod/go-packages/bin
PATH: /home/gitpod/.nvm/versions/node/v16.19.0/bin
PATH: /home/gitpod/.yarn/bin
PATH: /home/gitpod/.pnpm
PATH: /home/gitpod/.pyenv/bin
PATH: /workspace/.rvm/bin
PATH: /home/gitpod/.cargo/bin
PATH: /home/linuxbrew/.linuxbrew/bin
PATH: /home/linuxbrew/.linuxbrew/sbin/
PATH: /home/gitpod/.local/bin
PATH: /usr/games
PATH: /usr/local/sbin
PATH: /usr/local/bin
PATH: /usr/sbin
PATH: /usr/bin
PATH: /sbin
PATH: /bin
PATH: /home/gitpod/.nvm/versions/node/v16.19.0/bin
PATH: /home/gitpod/.rvm/bin
PATH: /home/gitpod/.nvm/versions/node/v16.19.0/bin


## ----------- ##
## Core tests. ##
## ----------- ##

configure:3000: checking for a BSD-compatible install
configure:3068: result: /usr/bin/install -c
configure:3079: checking whether build environment is sane
configure:3134: result: yes
configure:3283: checking for a thread-safe mkdir -p
configure:3322: result: /usr/bin/mkdir -p
configure:3329: checking for gawk
configure:3345: found /usr/bin/gawk
configure:3356: result: gawk
configure:3367: checking whether make sets $(MAKE)
configure:3389: result: yes
configure:3418: checking whether make supports nested variables
configure:3435: result: yes
configure:3562: checking whether to enable maintainer-specific portions of Makefiles
configure:3571: result: yes
configure:3597: checking for style of include used by make
configure:3625: result: GNU
configure:3769: checking for C compiler version
configure:3778: gcc --version >&5
gcc (Ubuntu 9.4.0-1ubuntu1~20.04.1) 9.4.0
Copyright (C) 2019 Free Software Foundation, Inc.
This is free software; see the source for copying conditions.  There is NO
warranty; not even for MERCHANTABILITY or FITNESS FOR A PARTICULAR PURPOSE.

configure:3789: $? = 0
configure:3778: gcc -v >&5
Using built-in specs.
COLLECT_GCC=gcc
COLLECT_LTO_WRAPPER=/usr/lib/gcc/x86_64-linux-gnu/9/lto-wrapper
OFFLOAD_TARGET_NAMES=nvptx-none:hsa
OFFLOAD_TARGET_DEFAULT=1
Target: x86_64-linux-gnu
Configured with: ../src/configure -v --with-pkgversion='Ubuntu 9.4.0-1ubuntu1~20.04.1' --with-bugurl=file:///usr/share/doc/gcc-9/README.Bugs --enable-languages=c,ada,c++,go,brig,d,fortran,objc,obj-c++,gm2 --prefix=/usr --with-gcc-major-version-only --program-suffix=-9 --program-prefix=x86_64-linux-gnu- --enable-shared --enable-linker-build-id --libexecdir=/usr/lib --without-included-gettext --enable-threads=posix --libdir=/usr/lib --enable-nls --enable-clocale=gnu --enable-libstdcxx-debug --enable-libstdcxx-time=yes --with-default-libstdcxx-abi=new --enable-gnu-unique-object --disable-vtable-verify --enable-plugin --enable-default-pie --with-system-zlib --with-target-system-zlib=auto --enable-objc-gc=auto --enable-multiarch --disable-werror --with-arch-32=i686 --with-abi=m64 --with-multilib-list=m32,m64,mx32 --enable-multilib --with-tune=generic --enable-offload-targets=nvptx-none=/build/gcc-9-Av3uEd/gcc-9-9.4.0/debian/tmp-nvptx/usr,hsa --without-cuda-driver --enable-checking=release --build=x86_64-linux-gnu --host=x86_64-linux-gnu --target=x86_64-linux-gnu
Thread model: posix
gcc version 9.4.0 (Ubuntu 9.4.0-1ubuntu1~20.04.1) 
configure:3789: $? = 0
configure:3778: gcc -V >&5
gcc: error: unrecognized command line option '-V'
gcc: fatal error: no input files
compilation terminated.
configure:3789: $? = 1
configure:3778: gcc -qversion >&5
gcc: error: unrecognized command line option '-qversion'; did you mean '--version'?
gcc: fatal error: no input files
compilation terminated.
configure:3789: $? = 1
configure:3809: checking whether the C compiler works
configure:3831: gcc -O3 -DNDEBUG -finline-functions -fno-strict-aliasing -mcx16 -pthread -D__EXTENSIONS__ -I/workspace/OpenROAD-flow-scripts/tools/openmpi-4.0.1/opal/mca/hwloc/hwloc201/hwloc/include       conftest.c  >&5
configure:3835: $? = 0
configure:3883: result: yes
configure:3886: checking for C compiler default output file name
configure:3888: result: a.out
configure:3894: checking for suffix of executables
configure:3901: gcc -o conftest -O3 -DNDEBUG -finline-functions -fno-strict-aliasing -mcx16 -pthread -D__EXTENSIONS__ -I/workspace/OpenROAD-flow-scripts/tools/openmpi-4.0.1/opal/mca/hwloc/hwloc201/hwloc/include       conftest.c  >&5
configure:3905: $? = 0
configure:3927: result: 
configure:3949: checking whether we are cross compiling
configure:3957: gcc -o conftest -O3 -DNDEBUG -finline-functions -fno-strict-aliasing -mcx16 -pthread -D__EXTENSIONS__ -I/workspace/OpenROAD-flow-scripts/tools/openmpi-4.0.1/opal/mca/hwloc/hwloc201/hwloc/include       conftest.c  >&5
configure:3961: $? = 0
configure:3968: ./conftest
configure:3972: $? = 0
configure:3960: result: no
configure:3965: checking for suffix of object files
configure:3987: gcc -c -O3 -DNDEBUG -finline-functions -fno-strict-aliasing -mcx16 -pthread -D__EXTENSIONS__ -I/workspace/OpenROAD-flow-scripts/tools/openmpi-4.0.1/opal/mca/hwloc/hwloc201/hwloc/include    conftest.c >&5
configure:3991: $? = 0
configure:4012: result: o
configure:4016: checking whether we are using the GNU C compiler
configure:4035: gcc -c -O3 -DNDEBUG -finline-functions -fno-strict-aliasing -mcx16 -pthread -D__EXTENSIONS__ -I/workspace/OpenROAD-flow-scripts/tools/openmpi-4.0.1/opal/mca/hwloc/hwloc201/hwloc/include    conftest.c >&5
configure:4035: $? = 0
configure:4044: result: yes
configure:4053: checking whether gcc accepts -g
configure:4073: gcc -c -g -I/workspace/OpenROAD-flow-scripts/tools/openmpi-4.0.1/opal/mca/hwloc/hwloc201/hwloc/include    conftest.c >&5
configure:4073: $? = 0
configure:4114: result: yes
configure:4131: checking for gcc option to accept ISO C89
configure:4194: gcc  -c -O3 -DNDEBUG -finline-functions -fno-strict-aliasing -mcx16 -pthread -D__EXTENSIONS__ -I/workspace/OpenROAD-flow-scripts/tools/openmpi-4.0.1/opal/mca/hwloc/hwloc201/hwloc/include    conftest.c >&5
configure:4194: $? = 0
configure:4207: result: none needed
configure:4232: checking whether gcc understands -c and -o together
configure:4254: gcc -c conftest.c -o conftest2.o
configure:4257: $? = 0
configure:4254: gcc -c conftest.c -o conftest2.o
configure:4257: $? = 0
configure:4269: result: yes
configure:4288: checking dependency style of gcc
configure:4399: result: gcc3
configure:4472: checking for ar
configure:4488: found /usr/bin/ar
configure:4499: result: ar
configure:4525: checking the archiver (ar) interface
configure:4541: gcc -c -O3 -DNDEBUG -finline-functions -fno-strict-aliasing -mcx16 -pthread -D__EXTENSIONS__ -I/workspace/OpenROAD-flow-scripts/tools/openmpi-4.0.1/opal/mca/hwloc/hwloc201/hwloc/include    conftest.c >&5
configure:4541: $? = 0
configure:4543: ar cru libconftest.a conftest.o >&5
ar: `u' modifier ignored since `D' is the default (see `U')
configure:4546: $? = 0
configure:4545: result: ar
configure:4595: checking build system type
configure:4609: result: x86_64-unknown-linux-gnu
configure:4629: checking host system type
configure:4642: result: x86_64-unknown-linux-gnu
configure:4683: checking how to print strings
configure:4710: result: printf
configure:4731: checking for a sed that does not truncate output
configure:4795: result: /usr/bin/sed
configure:4813: checking for grep that handles long lines and -e
configure:4871: result: /usr/bin/grep
configure:4876: checking for egrep
configure:4938: result: /usr/bin/grep -E
configure:4943: checking for fgrep
configure:5005: result: /usr/bin/grep -F
configure:5040: checking for ld used by gcc
configure:5107: result: /usr/bin/ld
configure:5114: checking if the linker (/usr/bin/ld) is GNU ld
configure:5129: result: yes
configure:5141: checking for BSD- or MS-compatible name lister (nm)
configure:5195: result: /usr/bin/nm -B
configure:5325: checking the name lister (/usr/bin/nm -B) interface
configure:5332: gcc -c -O3 -DNDEBUG -finline-functions -fno-strict-aliasing -mcx16 -pthread -D__EXTENSIONS__ -I/workspace/OpenROAD-flow-scripts/tools/openmpi-4.0.1/opal/mca/hwloc/hwloc201/hwloc/include    conftest.c >&5
configure:5335: /usr/bin/nm -B "conftest.o"
configure:5338: output
0000000000000000 B some_variable
configure:5339: result: BSD nm
configure:5342: checking whether ln -s works
configure:5346: result: yes
configure:5354: checking the maximum length of command line arguments
configure:5485: result: 1572864
configure:5533: checking how to convert x86_64-unknown-linux-gnu file names to x86_64-unknown-linux-gnu format
configure:5573: result: func_convert_file_noop
configure:5580: checking how to convert x86_64-unknown-linux-gnu file names to toolchain format
configure:5600: result: func_convert_file_noop
configure:5607: checking for /usr/bin/ld option to reload object files
configure:5614: result: -r
configure:5688: checking for objdump
configure:5704: found /usr/bin/objdump
configure:5715: result: objdump
configure:5747: checking how to recognize dependent libraries
configure:5947: result: pass_all
configure:6032: checking for dlltool
configure:6062: result: no
configure:6092: checking how to associate runtime and link libraries
configure:6119: result: printf %s\n
configure:6243: checking for archiver @FILE support
configure:6260: gcc -c -O3 -DNDEBUG -finline-functions -fno-strict-aliasing -mcx16 -pthread -D__EXTENSIONS__ -I/workspace/OpenROAD-flow-scripts/tools/openmpi-4.0.1/opal/mca/hwloc/hwloc201/hwloc/include    conftest.c >&5
configure:6260: $? = 0
configure:6263: ar cru libconftest.a @conftest.lst >&5
ar: `u' modifier ignored since `D' is the default (see `U')
configure:6266: $? = 0
configure:6271: ar cru libconftest.a @conftest.lst >&5
ar: `u' modifier ignored since `D' is the default (see `U')
ar: conftest.o: No such file or directory
configure:6274: $? = 1
configure:6273: result: @
configure:6331: checking for strip
configure:6347: found /usr/bin/strip
configure:6358: result: strip
configure:6430: checking for ranlib
configure:6446: found /usr/bin/ranlib
configure:6457: result: ranlib
configure:6559: checking command to parse /usr/bin/nm -B output from gcc object
configure:6712: gcc -c -O3 -DNDEBUG -finline-functions -fno-strict-aliasing -mcx16 -pthread -D__EXTENSIONS__ -I/workspace/OpenROAD-flow-scripts/tools/openmpi-4.0.1/opal/mca/hwloc/hwloc201/hwloc/include    conftest.c >&5
configure:6715: $? = 0
configure:6719: /usr/bin/nm -B conftest.o \| sed -n -e 's/^.*[ ]\([ABCDGIRSTW][ABCDGIRSTW]*\)[ ][ ]*\([_A-Za-z][_A-Za-z0-9]*\)$/\1 \2 \2/p' | sed '/ __gnu_lto/d' \> conftest.nm
configure:6722: $? = 0
configure:6788: gcc -o conftest -O3 -DNDEBUG -finline-functions -fno-strict-aliasing -mcx16 -pthread -D__EXTENSIONS__ -I/workspace/OpenROAD-flow-scripts/tools/openmpi-4.0.1/opal/mca/hwloc/hwloc201/hwloc/include       conftest.c conftstm.o >&5
configure:6791: $? = 0
configure:6829: result: ok
configure:6876: checking for sysroot
configure:6906: result: no
configure:6913: checking for a working dd
configure:6951: result: /usr/bin/dd
configure:6955: checking how to truncate binary pipes
configure:6970: result: /usr/bin/dd bs=4096 count=1
configure:7106: gcc -c -O3 -DNDEBUG -finline-functions -fno-strict-aliasing -mcx16 -pthread -D__EXTENSIONS__ -I/workspace/OpenROAD-flow-scripts/tools/openmpi-4.0.1/opal/mca/hwloc/hwloc201/hwloc/include    conftest.c >&5
configure:7109: $? = 0
configure:7299: checking for mt
configure:7329: result: no
configure:7349: checking if : is a manifest tool
configure:7355: : '-?'
configure:7363: result: no
configure:8040: checking how to run the C preprocessor
configure:8071: gcc -E -I/workspace/OpenROAD-flow-scripts/tools/openmpi-4.0.1/opal/mca/hwloc/hwloc201/hwloc/include    conftest.c
configure:8071: $? = 0
configure:8085: gcc -E -I/workspace/OpenROAD-flow-scripts/tools/openmpi-4.0.1/opal/mca/hwloc/hwloc201/hwloc/include    conftest.c
conftest.c:11:10: fatal error: ac_nonexistent.h: No such file or directory
   11 | #include <ac_nonexistent.h>
      |          ^~~~~~~~~~~~~~~~~~
compilation terminated.
configure:8085: $? = 1
configure: failed program was:
| /* confdefs.h */
| #define PACKAGE_NAME "ROMIO"
| #define PACKAGE_TARNAME "romio"
| #define PACKAGE_VERSION "Open MPI"
| #define PACKAGE_STRING "ROMIO Open MPI"
| #define PACKAGE_BUGREPORT "discuss@mpich.org"
| #define PACKAGE_URL "http://www.mpich.org/"
| #define PACKAGE "romio"
| #define VERSION "Open MPI"
| /* end confdefs.h.  */
| #include <ac_nonexistent.h>
configure:8110: result: gcc -E
configure:8130: gcc -E -I/workspace/OpenROAD-flow-scripts/tools/openmpi-4.0.1/opal/mca/hwloc/hwloc201/hwloc/include    conftest.c
configure:8130: $? = 0
configure:8144: gcc -E -I/workspace/OpenROAD-flow-scripts/tools/openmpi-4.0.1/opal/mca/hwloc/hwloc201/hwloc/include    conftest.c
conftest.c:11:10: fatal error: ac_nonexistent.h: No such file or directory
   11 | #include <ac_nonexistent.h>
      |          ^~~~~~~~~~~~~~~~~~
compilation terminated.
configure:8144: $? = 1
configure: failed program was:
| /* confdefs.h */
| #define PACKAGE_NAME "ROMIO"
| #define PACKAGE_TARNAME "romio"
| #define PACKAGE_VERSION "Open MPI"
| #define PACKAGE_STRING "ROMIO Open MPI"
| #define PACKAGE_BUGREPORT "discuss@mpich.org"
| #define PACKAGE_URL "http://www.mpich.org/"
| #define PACKAGE "romio"
| #define VERSION "Open MPI"
| /* end confdefs.h.  */
| #include <ac_nonexistent.h>
configure:8173: checking for ANSI C header files
configure:8193: gcc -c -O3 -DNDEBUG -finline-functions -fno-strict-aliasing -mcx16 -pthread -D__EXTENSIONS__ -I/workspace/OpenROAD-flow-scripts/tools/openmpi-4.0.1/opal/mca/hwloc/hwloc201/hwloc/include    conftest.c >&5
configure:8193: $? = 0
configure:8266: gcc -o conftest -O3 -DNDEBUG -finline-functions -fno-strict-aliasing -mcx16 -pthread -D__EXTENSIONS__ -I/workspace/OpenROAD-flow-scripts/tools/openmpi-4.0.1/opal/mca/hwloc/hwloc201/hwloc/include       conftest.c  >&5
configure:8266: $? = 0
configure:8266: ./conftest
configure:8266: $? = 0
configure:8277: result: yes
configure:8290: checking for sys/types.h
configure:8290: gcc -c -O3 -DNDEBUG -finline-functions -fno-strict-aliasing -mcx16 -pthread -D__EXTENSIONS__ -I/workspace/OpenROAD-flow-scripts/tools/openmpi-4.0.1/opal/mca/hwloc/hwloc201/hwloc/include    conftest.c >&5
configure:8290: $? = 0
configure:8290: result: yes
configure:8290: checking for sys/stat.h
configure:8290: gcc -c -O3 -DNDEBUG -finline-functions -fno-strict-aliasing -mcx16 -pthread -D__EXTENSIONS__ -I/workspace/OpenROAD-flow-scripts/tools/openmpi-4.0.1/opal/mca/hwloc/hwloc201/hwloc/include    conftest.c >&5
configure:8290: $? = 0
configure:8290: result: yes
configure:8290: checking for stdlib.h
configure:8290: gcc -c -O3 -DNDEBUG -finline-functions -fno-strict-aliasing -mcx16 -pthread -D__EXTENSIONS__ -I/workspace/OpenROAD-flow-scripts/tools/openmpi-4.0.1/opal/mca/hwloc/hwloc201/hwloc/include    conftest.c >&5
configure:8290: $? = 0
configure:8290: result: yes
configure:8290: checking for string.h
configure:8290: gcc -c -O3 -DNDEBUG -finline-functions -fno-strict-aliasing -mcx16 -pthread -D__EXTENSIONS__ -I/workspace/OpenROAD-flow-scripts/tools/openmpi-4.0.1/opal/mca/hwloc/hwloc201/hwloc/include    conftest.c >&5
configure:8290: $? = 0
configure:8290: result: yes
configure:8290: checking for memory.h
configure:8290: gcc -c -O3 -DNDEBUG -finline-functions -fno-strict-aliasing -mcx16 -pthread -D__EXTENSIONS__ -I/workspace/OpenROAD-flow-scripts/tools/openmpi-4.0.1/opal/mca/hwloc/hwloc201/hwloc/include    conftest.c >&5
configure:8290: $? = 0
configure:8290: result: yes
configure:8290: checking for strings.h
configure:8290: gcc -c -O3 -DNDEBUG -finline-functions -fno-strict-aliasing -mcx16 -pthread -D__EXTENSIONS__ -I/workspace/OpenROAD-flow-scripts/tools/openmpi-4.0.1/opal/mca/hwloc/hwloc201/hwloc/include    conftest.c >&5
configure:8290: $? = 0
configure:8290: result: yes
configure:8290: checking for inttypes.h
configure:8290: gcc -c -O3 -DNDEBUG -finline-functions -fno-strict-aliasing -mcx16 -pthread -D__EXTENSIONS__ -I/workspace/OpenROAD-flow-scripts/tools/openmpi-4.0.1/opal/mca/hwloc/hwloc201/hwloc/include    conftest.c >&5
configure:8290: $? = 0
configure:8290: result: yes
configure:8290: checking for stdint.h
configure:8290: gcc -c -O3 -DNDEBUG -finline-functions -fno-strict-aliasing -mcx16 -pthread -D__EXTENSIONS__ -I/workspace/OpenROAD-flow-scripts/tools/openmpi-4.0.1/opal/mca/hwloc/hwloc201/hwloc/include    conftest.c >&5
configure:8290: $? = 0
configure:8290: result: yes
configure:8290: checking for unistd.h
configure:8290: gcc -c -O3 -DNDEBUG -finline-functions -fno-strict-aliasing -mcx16 -pthread -D__EXTENSIONS__ -I/workspace/OpenROAD-flow-scripts/tools/openmpi-4.0.1/opal/mca/hwloc/hwloc201/hwloc/include    conftest.c >&5
configure:8290: $? = 0
configure:8290: result: yes
configure:8304: checking for dlfcn.h
configure:8304: gcc -c -O3 -DNDEBUG -finline-functions -fno-strict-aliasing -mcx16 -pthread -D__EXTENSIONS__ -I/workspace/OpenROAD-flow-scripts/tools/openmpi-4.0.1/opal/mca/hwloc/hwloc201/hwloc/include    conftest.c >&5
configure:8304: $? = 0
configure:8304: result: yes
configure:8560: checking for objdir
configure:8575: result: .libs
configure:8839: checking if gcc supports -fno-rtti -fno-exceptions
configure:8857: gcc -c -O3 -DNDEBUG -finline-functions -fno-strict-aliasing -mcx16 -pthread -D__EXTENSIONS__ -I/workspace/OpenROAD-flow-scripts/tools/openmpi-4.0.1/opal/mca/hwloc/hwloc201/hwloc/include    -fno-rtti -fno-exceptions conftest.c >&5
cc1: warning: command line option '-fno-rtti' is valid for C++/D/ObjC++ but not for C
configure:8861: $? = 0
configure:8874: result: no
configure:9238: checking for gcc option to produce PIC
configure:9245: result: -fPIC -DPIC
configure:9253: checking if gcc PIC flag -fPIC -DPIC works
configure:9271: gcc -c -O3 -DNDEBUG -finline-functions -fno-strict-aliasing -mcx16 -pthread -D__EXTENSIONS__ -I/workspace/OpenROAD-flow-scripts/tools/openmpi-4.0.1/opal/mca/hwloc/hwloc201/hwloc/include    -fPIC -DPIC -DPIC conftest.c >&5
configure:9275: $? = 0
configure:9288: result: yes
configure:9317: checking if gcc static flag -static works
configure:9345: result: yes
configure:9360: checking if gcc supports -c -o file.o
configure:9381: gcc -c -O3 -DNDEBUG -finline-functions -fno-strict-aliasing -mcx16 -pthread -D__EXTENSIONS__ -I/workspace/OpenROAD-flow-scripts/tools/openmpi-4.0.1/opal/mca/hwloc/hwloc201/hwloc/include    -o out/conftest2.o conftest.c >&5
configure:9385: $? = 0
configure:9407: result: yes
configure:9415: checking if gcc supports -c -o file.o
configure:9462: result: yes
configure:9495: checking whether the gcc linker (/usr/bin/ld -m elf_x86_64) supports shared libraries
configure:10754: result: yes
configure:10791: checking whether -lc should be explicitly linked in
configure:10799: gcc -c -O3 -DNDEBUG -finline-functions -fno-strict-aliasing -mcx16 -pthread -D__EXTENSIONS__ -I/workspace/OpenROAD-flow-scripts/tools/openmpi-4.0.1/opal/mca/hwloc/hwloc201/hwloc/include    conftest.c >&5
configure:10802: $? = 0
configure:10817: gcc -shared  -fPIC -DPIC conftest.o  -v -Wl,-soname -Wl,conftest -o conftest 2\>\&1 \| /usr/bin/grep  -lc  \>/dev/null 2\>\&1
configure:10820: $? = 0
configure:10834: result: no
configure:10994: checking dynamic linker characteristics
configure:11575: gcc -o conftest -O3 -DNDEBUG -finline-functions -fno-strict-aliasing -mcx16 -pthread -D__EXTENSIONS__ -I/workspace/OpenROAD-flow-scripts/tools/openmpi-4.0.1/opal/mca/hwloc/hwloc201/hwloc/include       -Wl,-rpath -Wl,/foo conftest.c  >&5
configure:11575: $? = 0
configure:11812: result: GNU/Linux ld.so
configure:11934: checking how to hardcode library paths into programs
configure:11959: result: immediate
configure:12507: checking whether stripping libraries is possible
configure:12512: result: yes
configure:12547: checking if libtool supports shared libraries
configure:12549: result: yes
configure:12552: checking whether to build shared libraries
configure:12577: result: yes
configure:12580: checking whether to build static libraries
configure:12584: result: no
configure:9425: checking whether make supports nested variables
configure:9442: result: yes
configure:9475: checking for Open MPI support files
configure:9486: result: in Open MPI source tree -- good
configure:9697: checking for make
configure:9713: found /usr/bin/make
configure:9724: result: make
configure:9738: checking whether clock skew breaks make
configure:9763: result: no
configure:9773: checking whether make supports include
configure:9801: result: yes
configure:9810: checking whether make allows comments in actions
configure:9837: result: yes
configure:9851: checking for virtual path format
configure:9894: result: VPATH
configure:9904: checking whether make sets CFLAGS
configure:9930: result: yes
configure:10002: WARNING: Unknown architecture ... proceeding anyway
configure:10025: result: ROMIO home directory is /workspace/OpenROAD-flow-scripts/tools/openmpi-4.0.1/ompi/mca/io/romio321/romio
configure:16649: checking for long long
configure:16649: gcc -c -O3 -DNDEBUG -finline-functions -fno-strict-aliasing -mcx16 -pthread -D__EXTENSIONS__ -I/workspace/OpenROAD-flow-scripts/tools/openmpi-4.0.1/opal/mca/hwloc/hwloc201/hwloc/include    conftest.c >&5
configure:16649: $? = 0
configure:16649: gcc -c -O3 -DNDEBUG -finline-functions -fno-strict-aliasing -mcx16 -pthread -D__EXTENSIONS__ -I/workspace/OpenROAD-flow-scripts/tools/openmpi-4.0.1/opal/mca/hwloc/hwloc201/hwloc/include    conftest.c >&5
conftest.c: In function 'main':
conftest.c:60:24: error: expected expression before ')' token
   60 | if (sizeof ((long long)))
      |                        ^
configure:16649: $? = 1
configure: failed program was:
| /* confdefs.h */
| #define PACKAGE_NAME "ROMIO"
| #define PACKAGE_TARNAME "romio"
| #define PACKAGE_VERSION "Open MPI"
| #define PACKAGE_STRING "ROMIO Open MPI"
| #define PACKAGE_BUGREPORT "discuss@mpich.org"
| #define PACKAGE_URL "http://www.mpich.org/"
| #define PACKAGE "romio"
| #define VERSION "Open MPI"
| #define STDC_HEADERS 1
| #define HAVE_SYS_TYPES_H 1
| #define HAVE_SYS_STAT_H 1
| #define HAVE_STDLIB_H 1
| #define HAVE_STRING_H 1
| #define HAVE_MEMORY_H 1
| #define HAVE_STRINGS_H 1
| #define HAVE_INTTYPES_H 1
| #define HAVE_STDINT_H 1
| #define HAVE_UNISTD_H 1
| #define HAVE_DLFCN_H 1
| #define LT_OBJDIR ".libs/"
| #define HAVE_MPI_OFFSET 1
| /* end confdefs.h.  */
| #include <stdio.h>
| #ifdef HAVE_SYS_TYPES_H
| # include <sys/types.h>
| #endif
| #ifdef HAVE_SYS_STAT_H
| # include <sys/stat.h>
| #endif
| #ifdef STDC_HEADERS
| # include <stdlib.h>
| # include <stddef.h>
| #else
| # ifdef HAVE_STDLIB_H
| #  include <stdlib.h>
| # endif
| #endif
| #ifdef HAVE_STRING_H
| # if !defined STDC_HEADERS && defined HAVE_MEMORY_H
| #  include <memory.h>
| # endif
| # include <string.h>
| #endif
| #ifdef HAVE_STRINGS_H
| # include <strings.h>
| #endif
| #ifdef HAVE_INTTYPES_H
| # include <inttypes.h>
| #endif
| #ifdef HAVE_STDINT_H
| # include <stdint.h>
| #endif
| #ifdef HAVE_UNISTD_H
| # include <unistd.h>
| #endif
| int
| main ()
| {
| if (sizeof ((long long)))
| 	    return 0;
|   ;
|   return 0;
| }
configure:16649: result: yes
configure:16658: checking size of long long
configure:16663: gcc -o conftest -O3 -DNDEBUG -finline-functions -fno-strict-aliasing -mcx16 -pthread -D__EXTENSIONS__ -I/workspace/OpenROAD-flow-scripts/tools/openmpi-4.0.1/opal/mca/hwloc/hwloc201/hwloc/include       conftest.c  >&5
configure:16663: $? = 0
configure:16663: ./conftest
configure:16663: $? = 0
configure:16677: result: 8
configure:16795: checking for memalign
configure:16795: gcc -o conftest -O3 -DNDEBUG -finline-functions -fno-strict-aliasing -mcx16 -pthread -D__EXTENSIONS__ -I/workspace/OpenROAD-flow-scripts/tools/openmpi-4.0.1/opal/mca/hwloc/hwloc201/hwloc/include       conftest.c  >&5
configure:16795: $? = 0
configure:16795: result: yes
configure:16888: checking for size_t
configure:16888: gcc -c -O3 -DNDEBUG -finline-functions -fno-strict-aliasing -mcx16 -pthread -D__EXTENSIONS__ -I/workspace/OpenROAD-flow-scripts/tools/openmpi-4.0.1/opal/mca/hwloc/hwloc201/hwloc/include    conftest.c >&5
configure:16888: $? = 0
configure:16888: gcc -c -O3 -DNDEBUG -finline-functions -fno-strict-aliasing -mcx16 -pthread -D__EXTENSIONS__ -I/workspace/OpenROAD-flow-scripts/tools/openmpi-4.0.1/opal/mca/hwloc/hwloc201/hwloc/include    conftest.c >&5
conftest.c: In function 'main':
conftest.c:62:21: error: expected expression before ')' token
   62 | if (sizeof ((size_t)))
      |                     ^
configure:16888: $? = 1
configure: failed program was:
| /* confdefs.h */
| #define PACKAGE_NAME "ROMIO"
| #define PACKAGE_TARNAME "romio"
| #define PACKAGE_VERSION "Open MPI"
| #define PACKAGE_STRING "ROMIO Open MPI"
| #define PACKAGE_BUGREPORT "discuss@mpich.org"
| #define PACKAGE_URL "http://www.mpich.org/"
| #define PACKAGE "romio"
| #define VERSION "Open MPI"
| #define STDC_HEADERS 1
| #define HAVE_SYS_TYPES_H 1
| #define HAVE_SYS_STAT_H 1
| #define HAVE_STDLIB_H 1
| #define HAVE_STRING_H 1
| #define HAVE_MEMORY_H 1
| #define HAVE_STRINGS_H 1
| #define HAVE_INTTYPES_H 1
| #define HAVE_STDINT_H 1
| #define HAVE_UNISTD_H 1
| #define HAVE_DLFCN_H 1
| #define LT_OBJDIR ".libs/"
| #define HAVE_MPI_OFFSET 1
| #define SIZEOF_LONG_LONG 8
| #define HAVE_MEMALIGN 1
| /* end confdefs.h.  */
| #include <stdio.h>
| #ifdef HAVE_SYS_TYPES_H
| # include <sys/types.h>
| #endif
| #ifdef HAVE_SYS_STAT_H
| # include <sys/stat.h>
| #endif
| #ifdef STDC_HEADERS
| # include <stdlib.h>
| # include <stddef.h>
| #else
| # ifdef HAVE_STDLIB_H
| #  include <stdlib.h>
| # endif
| #endif
| #ifdef HAVE_STRING_H
| # if !defined STDC_HEADERS && defined HAVE_MEMORY_H
| #  include <memory.h>
| # endif
| # include <string.h>
| #endif
| #ifdef HAVE_STRINGS_H
| # include <strings.h>
| #endif
| #ifdef HAVE_INTTYPES_H
| # include <inttypes.h>
| #endif
| #ifdef HAVE_STDINT_H
| # include <stdint.h>
| #endif
| #ifdef HAVE_UNISTD_H
| # include <unistd.h>
| #endif
| int
| main ()
| {
| if (sizeof ((size_t)))
| 	    return 0;
|   ;
|   return 0;
| }
configure:16888: result: yes
configure:16899: checking for ssize_t
configure:16899: gcc -c -O3 -DNDEBUG -finline-functions -fno-strict-aliasing -mcx16 -pthread -D__EXTENSIONS__ -I/workspace/OpenROAD-flow-scripts/tools/openmpi-4.0.1/opal/mca/hwloc/hwloc201/hwloc/include    conftest.c >&5
configure:16899: $? = 0
configure:16899: gcc -c -O3 -DNDEBUG -finline-functions -fno-strict-aliasing -mcx16 -pthread -D__EXTENSIONS__ -I/workspace/OpenROAD-flow-scripts/tools/openmpi-4.0.1/opal/mca/hwloc/hwloc201/hwloc/include    conftest.c >&5
conftest.c: In function 'main':
conftest.c:62:22: error: expected expression before ')' token
   62 | if (sizeof ((ssize_t)))
      |                      ^
configure:16899: $? = 1
configure: failed program was:
| /* confdefs.h */
| #define PACKAGE_NAME "ROMIO"
| #define PACKAGE_TARNAME "romio"
| #define PACKAGE_VERSION "Open MPI"
| #define PACKAGE_STRING "ROMIO Open MPI"
| #define PACKAGE_BUGREPORT "discuss@mpich.org"
| #define PACKAGE_URL "http://www.mpich.org/"
| #define PACKAGE "romio"
| #define VERSION "Open MPI"
| #define STDC_HEADERS 1
| #define HAVE_SYS_TYPES_H 1
| #define HAVE_SYS_STAT_H 1
| #define HAVE_STDLIB_H 1
| #define HAVE_STRING_H 1
| #define HAVE_MEMORY_H 1
| #define HAVE_STRINGS_H 1
| #define HAVE_INTTYPES_H 1
| #define HAVE_STDINT_H 1
| #define HAVE_UNISTD_H 1
| #define HAVE_DLFCN_H 1
| #define LT_OBJDIR ".libs/"
| #define HAVE_MPI_OFFSET 1
| #define SIZEOF_LONG_LONG 8
| #define HAVE_MEMALIGN 1
| /* end confdefs.h.  */
| #include <stdio.h>
| #ifdef HAVE_SYS_TYPES_H
| # include <sys/types.h>
| #endif
| #ifdef HAVE_SYS_STAT_H
| # include <sys/stat.h>
| #endif
| #ifdef STDC_HEADERS
| # include <stdlib.h>
| # include <stddef.h>
| #else
| # ifdef HAVE_STDLIB_H
| #  include <stdlib.h>
| # endif
| #endif
| #ifdef HAVE_STRING_H
| # if !defined STDC_HEADERS && defined HAVE_MEMORY_H
| #  include <memory.h>
| # endif
| # include <string.h>
| #endif
| #ifdef HAVE_STRINGS_H
| # include <strings.h>
| #endif
| #ifdef HAVE_INTTYPES_H
| # include <inttypes.h>
| #endif
| #ifdef HAVE_STDINT_H
| # include <stdint.h>
| #endif
| #ifdef HAVE_UNISTD_H
| # include <unistd.h>
| #endif
| int
| main ()
| {
| if (sizeof ((ssize_t)))
| 	    return 0;
|   ;
|   return 0;
| }
configure:16899: result: yes
configure:16910: checking for off_t
configure:16910: gcc -c -O3 -DNDEBUG -finline-functions -fno-strict-aliasing -mcx16 -pthread -D__EXTENSIONS__ -I/workspace/OpenROAD-flow-scripts/tools/openmpi-4.0.1/opal/mca/hwloc/hwloc201/hwloc/include    conftest.c >&5
configure:16910: $? = 0
configure:16910: gcc -c -O3 -DNDEBUG -finline-functions -fno-strict-aliasing -mcx16 -pthread -D__EXTENSIONS__ -I/workspace/OpenROAD-flow-scripts/tools/openmpi-4.0.1/opal/mca/hwloc/hwloc201/hwloc/include    conftest.c >&5
conftest.c: In function 'main':
conftest.c:62:20: error: expected expression before ')' token
   62 | if (sizeof ((off_t)))
      |                    ^
configure:16910: $? = 1
configure: failed program was:
| /* confdefs.h */
| #define PACKAGE_NAME "ROMIO"
| #define PACKAGE_TARNAME "romio"
| #define PACKAGE_VERSION "Open MPI"
| #define PACKAGE_STRING "ROMIO Open MPI"
| #define PACKAGE_BUGREPORT "discuss@mpich.org"
| #define PACKAGE_URL "http://www.mpich.org/"
| #define PACKAGE "romio"
| #define VERSION "Open MPI"
| #define STDC_HEADERS 1
| #define HAVE_SYS_TYPES_H 1
| #define HAVE_SYS_STAT_H 1
| #define HAVE_STDLIB_H 1
| #define HAVE_STRING_H 1
| #define HAVE_MEMORY_H 1
| #define HAVE_STRINGS_H 1
| #define HAVE_INTTYPES_H 1
| #define HAVE_STDINT_H 1
| #define HAVE_UNISTD_H 1
| #define HAVE_DLFCN_H 1
| #define LT_OBJDIR ".libs/"
| #define HAVE_MPI_OFFSET 1
| #define SIZEOF_LONG_LONG 8
| #define HAVE_MEMALIGN 1
| /* end confdefs.h.  */
| #include <stdio.h>
| #ifdef HAVE_SYS_TYPES_H
| # include <sys/types.h>
| #endif
| #ifdef HAVE_SYS_STAT_H
| # include <sys/stat.h>
| #endif
| #ifdef STDC_HEADERS
| # include <stdlib.h>
| # include <stddef.h>
| #else
| # ifdef HAVE_STDLIB_H
| #  include <stdlib.h>
| # endif
| #endif
| #ifdef HAVE_STRING_H
| # if !defined STDC_HEADERS && defined HAVE_MEMORY_H
| #  include <memory.h>
| # endif
| # include <string.h>
| #endif
| #ifdef HAVE_STRINGS_H
| # include <strings.h>
| #endif
| #ifdef HAVE_INTTYPES_H
| # include <inttypes.h>
| #endif
| #ifdef HAVE_STDINT_H
| # include <stdint.h>
| #endif
| #ifdef HAVE_UNISTD_H
| # include <unistd.h>
| #endif
| int
| main ()
| {
| if (sizeof ((off_t)))
| 	    return 0;
|   ;
|   return 0;
| }
configure:16910: result: yes
configure:16929: checking how to run the C preprocessor
configure:16999: result: gcc -E
configure:17019: gcc -E -I/workspace/OpenROAD-flow-scripts/tools/openmpi-4.0.1/opal/mca/hwloc/hwloc201/hwloc/include    conftest.c
configure:17019: $? = 0
configure:17033: gcc -E -I/workspace/OpenROAD-flow-scripts/tools/openmpi-4.0.1/opal/mca/hwloc/hwloc201/hwloc/include    conftest.c
conftest.c:26:10: fatal error: ac_nonexistent.h: No such file or directory
   26 | #include <ac_nonexistent.h>
      |          ^~~~~~~~~~~~~~~~~~
compilation terminated.
configure:17033: $? = 1
configure: failed program was:
| /* confdefs.h */
| #define PACKAGE_NAME "ROMIO"
| #define PACKAGE_TARNAME "romio"
| #define PACKAGE_VERSION "Open MPI"
| #define PACKAGE_STRING "ROMIO Open MPI"
| #define PACKAGE_BUGREPORT "discuss@mpich.org"
| #define PACKAGE_URL "http://www.mpich.org/"
| #define PACKAGE "romio"
| #define VERSION "Open MPI"
| #define STDC_HEADERS 1
| #define HAVE_SYS_TYPES_H 1
| #define HAVE_SYS_STAT_H 1
| #define HAVE_STDLIB_H 1
| #define HAVE_STRING_H 1
| #define HAVE_MEMORY_H 1
| #define HAVE_STRINGS_H 1
| #define HAVE_INTTYPES_H 1
| #define HAVE_STDINT_H 1
| #define HAVE_UNISTD_H 1
| #define HAVE_DLFCN_H 1
| #define LT_OBJDIR ".libs/"
| #define HAVE_MPI_OFFSET 1
| #define SIZEOF_LONG_LONG 8
| #define HAVE_MEMALIGN 1
| /* end confdefs.h.  */
| #include <ac_nonexistent.h>
configure:17064: checking for unistd.h
configure:17064: result: yes
configure:17064: checking fcntl.h usability
configure:17064: gcc -c -O3 -DNDEBUG -finline-functions -fno-strict-aliasing -mcx16 -pthread -D__EXTENSIONS__ -I/workspace/OpenROAD-flow-scripts/tools/openmpi-4.0.1/opal/mca/hwloc/hwloc201/hwloc/include    conftest.c >&5
configure:17064: $? = 0
configure:17064: result: yes
configure:17064: checking fcntl.h presence
configure:17064: gcc -E -I/workspace/OpenROAD-flow-scripts/tools/openmpi-4.0.1/opal/mca/hwloc/hwloc201/hwloc/include    conftest.c
configure:17064: $? = 0
configure:17064: result: yes
configure:17064: checking for fcntl.h
configure:17064: result: yes
configure:17064: checking malloc.h usability
configure:17064: gcc -c -O3 -DNDEBUG -finline-functions -fno-strict-aliasing -mcx16 -pthread -D__EXTENSIONS__ -I/workspace/OpenROAD-flow-scripts/tools/openmpi-4.0.1/opal/mca/hwloc/hwloc201/hwloc/include    conftest.c >&5
configure:17064: $? = 0
configure:17064: result: yes
configure:17064: checking malloc.h presence
configure:17064: gcc -E -I/workspace/OpenROAD-flow-scripts/tools/openmpi-4.0.1/opal/mca/hwloc/hwloc201/hwloc/include    conftest.c
configure:17064: $? = 0
configure:17064: result: yes
configure:17064: checking for malloc.h
configure:17064: result: yes
configure:17064: checking stddef.h usability
configure:17064: gcc -c -O3 -DNDEBUG -finline-functions -fno-strict-aliasing -mcx16 -pthread -D__EXTENSIONS__ -I/workspace/OpenROAD-flow-scripts/tools/openmpi-4.0.1/opal/mca/hwloc/hwloc201/hwloc/include    conftest.c >&5
configure:17064: $? = 0
configure:17064: result: yes
configure:17064: checking stddef.h presence
configure:17064: gcc -E -I/workspace/OpenROAD-flow-scripts/tools/openmpi-4.0.1/opal/mca/hwloc/hwloc201/hwloc/include    conftest.c
configure:17064: $? = 0
configure:17064: result: yes
configure:17064: checking for stddef.h
configure:17064: result: yes
configure:17064: checking for sys/types.h
configure:17064: result: yes
configure:17064: checking limits.h usability
configure:17064: gcc -c -O3 -DNDEBUG -finline-functions -fno-strict-aliasing -mcx16 -pthread -D__EXTENSIONS__ -I/workspace/OpenROAD-flow-scripts/tools/openmpi-4.0.1/opal/mca/hwloc/hwloc201/hwloc/include    conftest.c >&5
configure:17064: $? = 0
configure:17064: result: yes
configure:17064: checking limits.h presence
configure:17064: gcc -E -I/workspace/OpenROAD-flow-scripts/tools/openmpi-4.0.1/opal/mca/hwloc/hwloc201/hwloc/include    conftest.c
configure:17064: $? = 0
configure:17064: result: yes
configure:17064: checking for limits.h
configure:17064: result: yes
configure:17064: checking time.h usability
configure:17064: gcc -c -O3 -DNDEBUG -finline-functions -fno-strict-aliasing -mcx16 -pthread -D__EXTENSIONS__ -I/workspace/OpenROAD-flow-scripts/tools/openmpi-4.0.1/opal/mca/hwloc/hwloc201/hwloc/include    conftest.c >&5
configure:17064: $? = 0
configure:17064: result: yes
configure:17064: checking time.h presence
configure:17064: gcc -E -I/workspace/OpenROAD-flow-scripts/tools/openmpi-4.0.1/opal/mca/hwloc/hwloc201/hwloc/include    conftest.c
configure:17064: $? = 0
configure:17064: result: yes
configure:17064: checking for time.h
configure:17064: result: yes
configure:17076: checking for mpix.h
configure:17076: gcc -c -O3 -DNDEBUG -finline-functions -fno-strict-aliasing -mcx16 -pthread -D__EXTENSIONS__ -I/workspace/OpenROAD-flow-scripts/tools/openmpi-4.0.1/opal/mca/hwloc/hwloc201/hwloc/include    conftest.c >&5
conftest.c:33:10: fatal error: mpi.h: No such file or directory
   33 | #include <mpi.h>
      |          ^~~~~~~
compilation terminated.
configure:17076: $? = 1
configure: failed program was:
| /* confdefs.h */
| #define PACKAGE_NAME "ROMIO"
| #define PACKAGE_TARNAME "romio"
| #define PACKAGE_VERSION "Open MPI"
| #define PACKAGE_STRING "ROMIO Open MPI"
| #define PACKAGE_BUGREPORT "discuss@mpich.org"
| #define PACKAGE_URL "http://www.mpich.org/"
| #define PACKAGE "romio"
| #define VERSION "Open MPI"
| #define STDC_HEADERS 1
| #define HAVE_SYS_TYPES_H 1
| #define HAVE_SYS_STAT_H 1
| #define HAVE_STDLIB_H 1
| #define HAVE_STRING_H 1
| #define HAVE_MEMORY_H 1
| #define HAVE_STRINGS_H 1
| #define HAVE_INTTYPES_H 1
| #define HAVE_STDINT_H 1
| #define HAVE_UNISTD_H 1
| #define HAVE_DLFCN_H 1
| #define LT_OBJDIR ".libs/"
| #define HAVE_MPI_OFFSET 1
| #define SIZEOF_LONG_LONG 8
| #define HAVE_MEMALIGN 1
| #define HAVE_UNISTD_H 1
| #define HAVE_FCNTL_H 1
| #define HAVE_MALLOC_H 1
| #define HAVE_STDDEF_H 1
| #define HAVE_SYS_TYPES_H 1
| #define HAVE_LIMITS_H 1
| #define HAVE_TIME_H 1
| /* end confdefs.h.  */
| #include <mpi.h>
| 
| #include <mpix.h>
configure:17076: result: no
configure:17099: checking for u_char
configure:17099: gcc -c -O3 -DNDEBUG -finline-functions -fno-strict-aliasing -mcx16 -pthread -D__EXTENSIONS__ -I/workspace/OpenROAD-flow-scripts/tools/openmpi-4.0.1/opal/mca/hwloc/hwloc201/hwloc/include    conftest.c >&5
configure:17099: $? = 0
configure:17099: gcc -c -O3 -DNDEBUG -finline-functions -fno-strict-aliasing -mcx16 -pthread -D__EXTENSIONS__ -I/workspace/OpenROAD-flow-scripts/tools/openmpi-4.0.1/opal/mca/hwloc/hwloc201/hwloc/include    conftest.c >&5
conftest.c: In function 'main':
conftest.c:69:21: error: expected expression before ')' token
   69 | if (sizeof ((u_char)))
      |                     ^
configure:17099: $? = 1
configure: failed program was:
| /* confdefs.h */
| #define PACKAGE_NAME "ROMIO"
| #define PACKAGE_TARNAME "romio"
| #define PACKAGE_VERSION "Open MPI"
| #define PACKAGE_STRING "ROMIO Open MPI"
| #define PACKAGE_BUGREPORT "discuss@mpich.org"
| #define PACKAGE_URL "http://www.mpich.org/"
| #define PACKAGE "romio"
| #define VERSION "Open MPI"
| #define STDC_HEADERS 1
| #define HAVE_SYS_TYPES_H 1
| #define HAVE_SYS_STAT_H 1
| #define HAVE_STDLIB_H 1
| #define HAVE_STRING_H 1
| #define HAVE_MEMORY_H 1
| #define HAVE_STRINGS_H 1
| #define HAVE_INTTYPES_H 1
| #define HAVE_STDINT_H 1
| #define HAVE_UNISTD_H 1
| #define HAVE_DLFCN_H 1
| #define LT_OBJDIR ".libs/"
| #define HAVE_MPI_OFFSET 1
| #define SIZEOF_LONG_LONG 8
| #define HAVE_MEMALIGN 1
| #define HAVE_UNISTD_H 1
| #define HAVE_FCNTL_H 1
| #define HAVE_MALLOC_H 1
| #define HAVE_STDDEF_H 1
| #define HAVE_SYS_TYPES_H 1
| #define HAVE_LIMITS_H 1
| #define HAVE_TIME_H 1
| /* end confdefs.h.  */
| #include <stdio.h>
| #ifdef HAVE_SYS_TYPES_H
| # include <sys/types.h>
| #endif
| #ifdef HAVE_SYS_STAT_H
| # include <sys/stat.h>
| #endif
| #ifdef STDC_HEADERS
| # include <stdlib.h>
| # include <stddef.h>
| #else
| # ifdef HAVE_STDLIB_H
| #  include <stdlib.h>
| # endif
| #endif
| #ifdef HAVE_STRING_H
| # if !defined STDC_HEADERS && defined HAVE_MEMORY_H
| #  include <memory.h>
| # endif
| # include <string.h>
| #endif
| #ifdef HAVE_STRINGS_H
| # include <strings.h>
| #endif
| #ifdef HAVE_INTTYPES_H
| # include <inttypes.h>
| #endif
| #ifdef HAVE_STDINT_H
| # include <stdint.h>
| #endif
| #ifdef HAVE_UNISTD_H
| # include <unistd.h>
| #endif
| int
| main ()
| {
| if (sizeof ((u_char)))
| 	    return 0;
|   ;
|   return 0;
| }
configure:17099: result: yes
configure:17110: checking for u_short
configure:17110: gcc -c -O3 -DNDEBUG -finline-functions -fno-strict-aliasing -mcx16 -pthread -D__EXTENSIONS__ -I/workspace/OpenROAD-flow-scripts/tools/openmpi-4.0.1/opal/mca/hwloc/hwloc201/hwloc/include    conftest.c >&5
configure:17110: $? = 0
configure:17110: gcc -c -O3 -DNDEBUG -finline-functions -fno-strict-aliasing -mcx16 -pthread -D__EXTENSIONS__ -I/workspace/OpenROAD-flow-scripts/tools/openmpi-4.0.1/opal/mca/hwloc/hwloc201/hwloc/include    conftest.c >&5
conftest.c: In function 'main':
conftest.c:69:22: error: expected expression before ')' token
   69 | if (sizeof ((u_short)))
      |                      ^
configure:17110: $? = 1
configure: failed program was:
| /* confdefs.h */
| #define PACKAGE_NAME "ROMIO"
| #define PACKAGE_TARNAME "romio"
| #define PACKAGE_VERSION "Open MPI"
| #define PACKAGE_STRING "ROMIO Open MPI"
| #define PACKAGE_BUGREPORT "discuss@mpich.org"
| #define PACKAGE_URL "http://www.mpich.org/"
| #define PACKAGE "romio"
| #define VERSION "Open MPI"
| #define STDC_HEADERS 1
| #define HAVE_SYS_TYPES_H 1
| #define HAVE_SYS_STAT_H 1
| #define HAVE_STDLIB_H 1
| #define HAVE_STRING_H 1
| #define HAVE_MEMORY_H 1
| #define HAVE_STRINGS_H 1
| #define HAVE_INTTYPES_H 1
| #define HAVE_STDINT_H 1
| #define HAVE_UNISTD_H 1
| #define HAVE_DLFCN_H 1
| #define LT_OBJDIR ".libs/"
| #define HAVE_MPI_OFFSET 1
| #define SIZEOF_LONG_LONG 8
| #define HAVE_MEMALIGN 1
| #define HAVE_UNISTD_H 1
| #define HAVE_FCNTL_H 1
| #define HAVE_MALLOC_H 1
| #define HAVE_STDDEF_H 1
| #define HAVE_SYS_TYPES_H 1
| #define HAVE_LIMITS_H 1
| #define HAVE_TIME_H 1
| /* end confdefs.h.  */
| #include <stdio.h>
| #ifdef HAVE_SYS_TYPES_H
| # include <sys/types.h>
| #endif
| #ifdef HAVE_SYS_STAT_H
| # include <sys/stat.h>
| #endif
| #ifdef STDC_HEADERS
| # include <stdlib.h>
| # include <stddef.h>
| #else
| # ifdef HAVE_STDLIB_H
| #  include <stdlib.h>
| # endif
| #endif
| #ifdef HAVE_STRING_H
| # if !defined STDC_HEADERS && defined HAVE_MEMORY_H
| #  include <memory.h>
| # endif
| # include <string.h>
| #endif
| #ifdef HAVE_STRINGS_H
| # include <strings.h>
| #endif
| #ifdef HAVE_INTTYPES_H
| # include <inttypes.h>
| #endif
| #ifdef HAVE_STDINT_H
| # include <stdint.h>
| #endif
| #ifdef HAVE_UNISTD_H
| # include <unistd.h>
| #endif
| int
| main ()
| {
| if (sizeof ((u_short)))
| 	    return 0;
|   ;
|   return 0;
| }
configure:17110: result: yes
configure:17121: checking for u_int
configure:17121: gcc -c -O3 -DNDEBUG -finline-functions -fno-strict-aliasing -mcx16 -pthread -D__EXTENSIONS__ -I/workspace/OpenROAD-flow-scripts/tools/openmpi-4.0.1/opal/mca/hwloc/hwloc201/hwloc/include    conftest.c >&5
configure:17121: $? = 0
configure:17121: gcc -c -O3 -DNDEBUG -finline-functions -fno-strict-aliasing -mcx16 -pthread -D__EXTENSIONS__ -I/workspace/OpenROAD-flow-scripts/tools/openmpi-4.0.1/opal/mca/hwloc/hwloc201/hwloc/include    conftest.c >&5
conftest.c: In function 'main':
conftest.c:69:20: error: expected expression before ')' token
   69 | if (sizeof ((u_int)))
      |                    ^
configure:17121: $? = 1
configure: failed program was:
| /* confdefs.h */
| #define PACKAGE_NAME "ROMIO"
| #define PACKAGE_TARNAME "romio"
| #define PACKAGE_VERSION "Open MPI"
| #define PACKAGE_STRING "ROMIO Open MPI"
| #define PACKAGE_BUGREPORT "discuss@mpich.org"
| #define PACKAGE_URL "http://www.mpich.org/"
| #define PACKAGE "romio"
| #define VERSION "Open MPI"
| #define STDC_HEADERS 1
| #define HAVE_SYS_TYPES_H 1
| #define HAVE_SYS_STAT_H 1
| #define HAVE_STDLIB_H 1
| #define HAVE_STRING_H 1
| #define HAVE_MEMORY_H 1
| #define HAVE_STRINGS_H 1
| #define HAVE_INTTYPES_H 1
| #define HAVE_STDINT_H 1
| #define HAVE_UNISTD_H 1
| #define HAVE_DLFCN_H 1
| #define LT_OBJDIR ".libs/"
| #define HAVE_MPI_OFFSET 1
| #define SIZEOF_LONG_LONG 8
| #define HAVE_MEMALIGN 1
| #define HAVE_UNISTD_H 1
| #define HAVE_FCNTL_H 1
| #define HAVE_MALLOC_H 1
| #define HAVE_STDDEF_H 1
| #define HAVE_SYS_TYPES_H 1
| #define HAVE_LIMITS_H 1
| #define HAVE_TIME_H 1
| /* end confdefs.h.  */
| #include <stdio.h>
| #ifdef HAVE_SYS_TYPES_H
| # include <sys/types.h>
| #endif
| #ifdef HAVE_SYS_STAT_H
| # include <sys/stat.h>
| #endif
| #ifdef STDC_HEADERS
| # include <stdlib.h>
| # include <stddef.h>
| #else
| # ifdef HAVE_STDLIB_H
| #  include <stdlib.h>
| # endif
| #endif
| #ifdef HAVE_STRING_H
| # if !defined STDC_HEADERS && defined HAVE_MEMORY_H
| #  include <memory.h>
| # endif
| # include <string.h>
| #endif
| #ifdef HAVE_STRINGS_H
| # include <strings.h>
| #endif
| #ifdef HAVE_INTTYPES_H
| # include <inttypes.h>
| #endif
| #ifdef HAVE_STDINT_H
| # include <stdint.h>
| #endif
| #ifdef HAVE_UNISTD_H
| # include <unistd.h>
| #endif
| int
| main ()
| {
| if (sizeof ((u_int)))
| 	    return 0;
|   ;
|   return 0;
| }
configure:17121: result: yes
configure:17132: checking for u_long
configure:17132: gcc -c -O3 -DNDEBUG -finline-functions -fno-strict-aliasing -mcx16 -pthread -D__EXTENSIONS__ -I/workspace/OpenROAD-flow-scripts/tools/openmpi-4.0.1/opal/mca/hwloc/hwloc201/hwloc/include    conftest.c >&5
configure:17132: $? = 0
configure:17132: gcc -c -O3 -DNDEBUG -finline-functions -fno-strict-aliasing -mcx16 -pthread -D__EXTENSIONS__ -I/workspace/OpenROAD-flow-scripts/tools/openmpi-4.0.1/opal/mca/hwloc/hwloc201/hwloc/include    conftest.c >&5
conftest.c: In function 'main':
conftest.c:69:21: error: expected expression before ')' token
   69 | if (sizeof ((u_long)))
      |                     ^
configure:17132: $? = 1
configure: failed program was:
| /* confdefs.h */
| #define PACKAGE_NAME "ROMIO"
| #define PACKAGE_TARNAME "romio"
| #define PACKAGE_VERSION "Open MPI"
| #define PACKAGE_STRING "ROMIO Open MPI"
| #define PACKAGE_BUGREPORT "discuss@mpich.org"
| #define PACKAGE_URL "http://www.mpich.org/"
| #define PACKAGE "romio"
| #define VERSION "Open MPI"
| #define STDC_HEADERS 1
| #define HAVE_SYS_TYPES_H 1
| #define HAVE_SYS_STAT_H 1
| #define HAVE_STDLIB_H 1
| #define HAVE_STRING_H 1
| #define HAVE_MEMORY_H 1
| #define HAVE_STRINGS_H 1
| #define HAVE_INTTYPES_H 1
| #define HAVE_STDINT_H 1
| #define HAVE_UNISTD_H 1
| #define HAVE_DLFCN_H 1
| #define LT_OBJDIR ".libs/"
| #define HAVE_MPI_OFFSET 1
| #define SIZEOF_LONG_LONG 8
| #define HAVE_MEMALIGN 1
| #define HAVE_UNISTD_H 1
| #define HAVE_FCNTL_H 1
| #define HAVE_MALLOC_H 1
| #define HAVE_STDDEF_H 1
| #define HAVE_SYS_TYPES_H 1
| #define HAVE_LIMITS_H 1
| #define HAVE_TIME_H 1
| /* end confdefs.h.  */
| #include <stdio.h>
| #ifdef HAVE_SYS_TYPES_H
| # include <sys/types.h>
| #endif
| #ifdef HAVE_SYS_STAT_H
| # include <sys/stat.h>
| #endif
| #ifdef STDC_HEADERS
| # include <stdlib.h>
| # include <stddef.h>
| #else
| # ifdef HAVE_STDLIB_H
| #  include <stdlib.h>
| # endif
| #endif
| #ifdef HAVE_STRING_H
| # if !defined STDC_HEADERS && defined HAVE_MEMORY_H
| #  include <memory.h>
| # endif
| # include <string.h>
| #endif
| #ifdef HAVE_STRINGS_H
| # include <strings.h>
| #endif
| #ifdef HAVE_INTTYPES_H
| # include <inttypes.h>
| #endif
| #ifdef HAVE_STDINT_H
| # include <stdint.h>
| #endif
| #ifdef HAVE_UNISTD_H
| # include <unistd.h>
| #endif
| int
| main ()
| {
| if (sizeof ((u_long)))
| 	    return 0;
|   ;
|   return 0;
| }
configure:17132: result: yes
configure:17147: checking sys/attr.h usability
configure:17147: gcc -c -O3 -DNDEBUG -finline-functions -fno-strict-aliasing -mcx16 -pthread -D__EXTENSIONS__ -I/workspace/OpenROAD-flow-scripts/tools/openmpi-4.0.1/opal/mca/hwloc/hwloc201/hwloc/include    conftest.c >&5
conftest.c:66:10: fatal error: sys/attr.h: No such file or directory
   66 | #include <sys/attr.h>
      |          ^~~~~~~~~~~~
compilation terminated.
configure:17147: $? = 1
configure: failed program was:
| /* confdefs.h */
| #define PACKAGE_NAME "ROMIO"
| #define PACKAGE_TARNAME "romio"
| #define PACKAGE_VERSION "Open MPI"
| #define PACKAGE_STRING "ROMIO Open MPI"
| #define PACKAGE_BUGREPORT "discuss@mpich.org"
| #define PACKAGE_URL "http://www.mpich.org/"
| #define PACKAGE "romio"
| #define VERSION "Open MPI"
| #define STDC_HEADERS 1
| #define HAVE_SYS_TYPES_H 1
| #define HAVE_SYS_STAT_H 1
| #define HAVE_STDLIB_H 1
| #define HAVE_STRING_H 1
| #define HAVE_MEMORY_H 1
| #define HAVE_STRINGS_H 1
| #define HAVE_INTTYPES_H 1
| #define HAVE_STDINT_H 1
| #define HAVE_UNISTD_H 1
| #define HAVE_DLFCN_H 1
| #define LT_OBJDIR ".libs/"
| #define HAVE_MPI_OFFSET 1
| #define SIZEOF_LONG_LONG 8
| #define HAVE_MEMALIGN 1
| #define HAVE_UNISTD_H 1
| #define HAVE_FCNTL_H 1
| #define HAVE_MALLOC_H 1
| #define HAVE_STDDEF_H 1
| #define HAVE_SYS_TYPES_H 1
| #define HAVE_LIMITS_H 1
| #define HAVE_TIME_H 1
| /* end confdefs.h.  */
| #include <stdio.h>
| #ifdef HAVE_SYS_TYPES_H
| # include <sys/types.h>
| #endif
| #ifdef HAVE_SYS_STAT_H
| # include <sys/stat.h>
| #endif
| #ifdef STDC_HEADERS
| # include <stdlib.h>
| # include <stddef.h>
| #else
| # ifdef HAVE_STDLIB_H
| #  include <stdlib.h>
| # endif
| #endif
| #ifdef HAVE_STRING_H
| # if !defined STDC_HEADERS && defined HAVE_MEMORY_H
| #  include <memory.h>
| # endif
| # include <string.h>
| #endif
| #ifdef HAVE_STRINGS_H
| # include <strings.h>
| #endif
| #ifdef HAVE_INTTYPES_H
| # include <inttypes.h>
| #endif
| #ifdef HAVE_STDINT_H
| # include <stdint.h>
| #endif
| #ifdef HAVE_UNISTD_H
| # include <unistd.h>
| #endif
| #include <sys/attr.h>
configure:17147: result: no
configure:17147: checking sys/attr.h presence
configure:17147: gcc -E -I/workspace/OpenROAD-flow-scripts/tools/openmpi-4.0.1/opal/mca/hwloc/hwloc201/hwloc/include    conftest.c
conftest.c:33:10: fatal error: sys/attr.h: No such file or directory
   33 | #include <sys/attr.h>
      |          ^~~~~~~~~~~~
compilation terminated.
configure:17147: $? = 1
configure: failed program was:
| /* confdefs.h */
| #define PACKAGE_NAME "ROMIO"
| #define PACKAGE_TARNAME "romio"
| #define PACKAGE_VERSION "Open MPI"
| #define PACKAGE_STRING "ROMIO Open MPI"
| #define PACKAGE_BUGREPORT "discuss@mpich.org"
| #define PACKAGE_URL "http://www.mpich.org/"
| #define PACKAGE "romio"
| #define VERSION "Open MPI"
| #define STDC_HEADERS 1
| #define HAVE_SYS_TYPES_H 1
| #define HAVE_SYS_STAT_H 1
| #define HAVE_STDLIB_H 1
| #define HAVE_STRING_H 1
| #define HAVE_MEMORY_H 1
| #define HAVE_STRINGS_H 1
| #define HAVE_INTTYPES_H 1
| #define HAVE_STDINT_H 1
| #define HAVE_UNISTD_H 1
| #define HAVE_DLFCN_H 1
| #define LT_OBJDIR ".libs/"
| #define HAVE_MPI_OFFSET 1
| #define SIZEOF_LONG_LONG 8
| #define HAVE_MEMALIGN 1
| #define HAVE_UNISTD_H 1
| #define HAVE_FCNTL_H 1
| #define HAVE_MALLOC_H 1
| #define HAVE_STDDEF_H 1
| #define HAVE_SYS_TYPES_H 1
| #define HAVE_LIMITS_H 1
| #define HAVE_TIME_H 1
| /* end confdefs.h.  */
| #include <sys/attr.h>
configure:17147: result: no
configure:17147: checking for sys/attr.h
configure:17147: result: no
configure:17162: checking size of int
configure:17167: gcc -o conftest -O3 -DNDEBUG -finline-functions -fno-strict-aliasing -mcx16 -pthread -D__EXTENSIONS__ -I/workspace/OpenROAD-flow-scripts/tools/openmpi-4.0.1/opal/mca/hwloc/hwloc201/hwloc/include       conftest.c  >&5
configure:17167: $? = 0
configure:17167: ./conftest
configure:17167: $? = 0
configure:17181: result: 4
configure:17195: checking size of void *
configure:17200: gcc -o conftest -O3 -DNDEBUG -finline-functions -fno-strict-aliasing -mcx16 -pthread -D__EXTENSIONS__ -I/workspace/OpenROAD-flow-scripts/tools/openmpi-4.0.1/opal/mca/hwloc/hwloc201/hwloc/include       conftest.c  >&5
configure:17200: $? = 0
configure:17200: ./conftest
configure:17200: $? = 0
configure:17214: result: 8
configure:17224: checking for int large enough for pointers
configure:17240: result: no
configure:17257: checking size of long long
configure:17276: result: 8
configure:18434: checking whether struct flock compatible with MPI_Offset
configure:18451: gcc -c -O3 -DNDEBUG -finline-functions -fno-strict-aliasing -mcx16 -pthread -D__EXTENSIONS__ -I/workspace/OpenROAD-flow-scripts/tools/openmpi-4.0.1/opal/mca/hwloc/hwloc201/hwloc/include    conftest.c >&5
configure:18451: $? = 0
configure:18457: result: yes
configure:18551: checking for pvfs2-config
configure:18583: result: notfound
configure:18759: checking configured file systems
configure:18761: result: testfs ufs nfs
configure:18770: WARNING: File locks may not work with NFS.  See the Installation and
users manual for instructions on testing and if necessary fixing this
configure:19797: checking sys/vfs.h usability
configure:19797: gcc -c -O3 -DNDEBUG -finline-functions -fno-strict-aliasing -mcx16 -pthread -D__EXTENSIONS__ -I/workspace/OpenROAD-flow-scripts/tools/openmpi-4.0.1/opal/mca/hwloc/hwloc201/hwloc/include    conftest.c >&5
configure:19797: $? = 0
configure:19797: result: yes
configure:19797: checking sys/vfs.h presence
configure:19797: gcc -E -I/workspace/OpenROAD-flow-scripts/tools/openmpi-4.0.1/opal/mca/hwloc/hwloc201/hwloc/include    conftest.c
configure:19797: $? = 0
configure:19797: result: yes
configure:19797: checking for sys/vfs.h
configure:19797: result: yes
configure:19797: checking sys/param.h usability
configure:19797: gcc -c -O3 -DNDEBUG -finline-functions -fno-strict-aliasing -mcx16 -pthread -D__EXTENSIONS__ -I/workspace/OpenROAD-flow-scripts/tools/openmpi-4.0.1/opal/mca/hwloc/hwloc201/hwloc/include    conftest.c >&5
configure:19797: $? = 0
configure:19797: result: yes
configure:19797: checking sys/param.h presence
configure:19797: gcc -E -I/workspace/OpenROAD-flow-scripts/tools/openmpi-4.0.1/opal/mca/hwloc/hwloc201/hwloc/include    conftest.c
configure:19797: $? = 0
configure:19797: result: yes
configure:19797: checking for sys/param.h
configure:19797: result: yes
configure:19797: checking sys/mount.h usability
configure:19797: gcc -c -O3 -DNDEBUG -finline-functions -fno-strict-aliasing -mcx16 -pthread -D__EXTENSIONS__ -I/workspace/OpenROAD-flow-scripts/tools/openmpi-4.0.1/opal/mca/hwloc/hwloc201/hwloc/include    conftest.c >&5
configure:19797: $? = 0
configure:19797: result: yes
configure:19797: checking sys/mount.h presence
configure:19797: gcc -E -I/workspace/OpenROAD-flow-scripts/tools/openmpi-4.0.1/opal/mca/hwloc/hwloc201/hwloc/include    conftest.c
configure:19797: $? = 0
configure:19797: result: yes
configure:19797: checking for sys/mount.h
configure:19797: result: yes
configure:19797: checking sys/statvfs.h usability
configure:19797: gcc -c -O3 -DNDEBUG -finline-functions -fno-strict-aliasing -mcx16 -pthread -D__EXTENSIONS__ -I/workspace/OpenROAD-flow-scripts/tools/openmpi-4.0.1/opal/mca/hwloc/hwloc201/hwloc/include    conftest.c >&5

## ---------------- ##
## Cache variables. ##
## ---------------- ##


## ----------------- ##
## Output variables. ##
## ----------------- ##

ACLOCAL='${SHELL} /workspace/OpenROAD-flow-scripts/tools/openmpi-4.0.1/ompi/mca/io/romio321/romio/confdb/missing aclocal-1.15'
AMDEPBACKSLASH='\'
AMDEP_FALSE='#'
AMDEP_TRUE=''
AMTAR='$${TAR-tar}'
AM_BACKSLASH='\'
AM_DEFAULT_V='$(AM_DEFAULT_VERBOSITY)'
AM_DEFAULT_VERBOSITY='0'
AM_V='$(V)'
AR='ar'
ARCH=''
AR_FLAGS='cru'
AUTOCONF='${SHELL} /workspace/OpenROAD-flow-scripts/tools/openmpi-4.0.1/ompi/mca/io/romio321/romio/confdb/missing autoconf'
AUTOHEADER='${SHELL} /workspace/OpenROAD-flow-scripts/tools/openmpi-4.0.1/ompi/mca/io/romio321/romio/confdb/missing autoheader'
AUTOMAKE='${SHELL} /workspace/OpenROAD-flow-scripts/tools/openmpi-4.0.1/ompi/mca/io/romio321/romio/confdb/missing automake-1.15'
AWK='gawk'
BITS='0'
BUILD_AD_BG_FALSE=''
BUILD_AD_BG_TRUE='#'
BUILD_AD_GPFS_FALSE=''
BUILD_AD_GPFS_TRUE='#'
BUILD_AD_GRIDFTP_FALSE=''
BUILD_AD_GRIDFTP_TRUE='#'
BUILD_AD_HFS_FALSE=''
BUILD_AD_HFS_TRUE='#'
BUILD_AD_LUSTRE_FALSE=''
BUILD_AD_LUSTRE_TRUE='#'
BUILD_AD_NFS_FALSE='#'
BUILD_AD_NFS_TRUE=''
BUILD_AD_PANFS_FALSE=''
BUILD_AD_PANFS_TRUE='#'
BUILD_AD_PE_FALSE=''
BUILD_AD_PE_TRUE='#'
BUILD_AD_PFS_FALSE=''
BUILD_AD_PFS_TRUE='#'
BUILD_AD_PIOFS_FALSE=''
BUILD_AD_PIOFS_TRUE='#'
BUILD_AD_PVFS2_FALSE=''
BUILD_AD_PVFS2_TRUE='#'
BUILD_AD_PVFS_FALSE=''
BUILD_AD_PVFS_TRUE='#'
BUILD_AD_SFS_FALSE=''
BUILD_AD_SFS_TRUE='#'
BUILD_AD_TESTFS_FALSE='#'
BUILD_AD_TESTFS_TRUE=''
BUILD_AD_UFS_FALSE='#'
BUILD_AD_UFS_TRUE=''
BUILD_AD_XFS_FALSE=''
BUILD_AD_XFS_TRUE='#'
BUILD_AD_ZOIDFS_FALSE=''
BUILD_AD_ZOIDFS_TRUE='#'
BUILD_COVERAGE_FALSE=''
BUILD_COVERAGE_TRUE=''
BUILD_F77_BINDINGS_FALSE=''
BUILD_F77_BINDINGS_TRUE='#'
BUILD_F77_TESTS_FALSE=''
BUILD_F77_TESTS_TRUE='#'
BUILD_GPFS_FALSE=''
BUILD_GPFS_TRUE=''
BUILD_GRIDFTP_FALSE=''
BUILD_GRIDFTP_TRUE=''
BUILD_HFS_FALSE=''
BUILD_HFS_TRUE=''
BUILD_LUSTRE_FALSE=''
BUILD_LUSTRE_TRUE=''
BUILD_MPIO_ERRHAN_FALSE=''
BUILD_MPIO_ERRHAN_TRUE='#'
BUILD_MPIO_REQUEST_FALSE=''
BUILD_MPIO_REQUEST_TRUE='#'
BUILD_MPI_ARRAY=''
BUILD_MPI_INFO=''
BUILD_NFS_FALSE=''
BUILD_NFS_TRUE=''
BUILD_NTFS_FALSE=''
BUILD_NTFS_TRUE=''
BUILD_PANFS_FALSE=''
BUILD_PANFS_OPEN6_FALSE=''
BUILD_PANFS_OPEN6_TRUE='#'
BUILD_PANFS_TRUE=''
BUILD_PFS_FALSE=''
BUILD_PFS_TRUE=''
BUILD_PIOFS_FALSE=''
BUILD_PIOFS_TRUE=''
BUILD_PROFILING_LIB_FALSE=''
BUILD_PROFILING_LIB_TRUE='#'
BUILD_PVFS2_FALSE=''
BUILD_PVFS2_TRUE=''
BUILD_PVFS_FALSE=''
BUILD_PVFS_TRUE=''
BUILD_ROMIO_EMBEDDED_FALSE='#'
BUILD_ROMIO_EMBEDDED_TRUE=''
BUILD_SFS_FALSE=''
BUILD_SFS_TRUE=''
BUILD_TESTFS_FALSE=''
BUILD_TESTFS_TRUE=''
BUILD_UFS_FALSE=''
BUILD_UFS_TRUE=''
BUILD_XFS_FALSE=''
BUILD_XFS_TRUE=''
BUILD_ZOIDFS_FALSE=''
BUILD_ZOIDFS_TRUE=''
CC='gcc'
CCDEPMODE='depmode=gcc3'
CFLAGS='-O3 -DNDEBUG -finline-functions -fno-strict-aliasing -mcx16 -pthread -D__EXTENSIONS__'
CPP='gcc -E'
CPPFLAGS='-I/workspace/OpenROAD-flow-scripts/tools/openmpi-4.0.1/opal/mca/hwloc/hwloc201/hwloc/include   '
CYGPATH_W='echo'
DEFINE_HAVE_MPI_GREQUEST='#undef HAVE_MPI_GREQUEST'
DEFINE_HAVE_MPI_GREQUEST_EXTENSIONS=''
DEFINE_MPI_OFFSET='typedef long long MPI_Offset;'
DEFS=''
DEPDIR='.deps'
DLLTOOL='false'
DOCTEXT=''
DSYMUTIL=''
DUMPBIN=''
ECHO_C=''
ECHO_N='-n'
ECHO_T=''
EGREP='/usr/bin/grep -E'
EXEEXT=''
EXTRA_SRC_DIRS=''
F77=':'
F77GETARG='call getarg(i,str)'
F77IARGC='iargc()'
F77MPIOINC=''
FC=''
FCFLAGS=''
FFLAGS=''
FGREP='/usr/bin/grep -F'
FILE_SYSTEM='testfs ufs nfs'
FILE_SYS_DIRS=''
FORTRAN_MPI_OFFSET='integer*8'
FORTRAN_TEST=''
FROM_LAM='no'
FROM_MPICH='no'
FROM_OMPI='yes'
FTESTDEFINE=''
GCOV=''
GREP='/usr/bin/grep'
HAVE_MPI_DARRAY_SUBARRAY=''
HAVE_MPI_INFO='#define HAVE_MPI_INFO'
HAVE_WEAK_SYMBOLS='0'
INSTALL_DATA='${INSTALL} -m 644'
INSTALL_PROGRAM='${INSTALL}'
INSTALL_SCRIPT='${INSTALL}'
INSTALL_STRIP_PROGRAM='$(install_sh) -c -s'
LD='/usr/bin/ld -m elf_x86_64'
LDFLAGS='  '
LIBNAME=''
LIBOBJS=''
LIBS=''
LIBTOOL='$(SHELL) $(top_builddir)/libtool'
LIPO=''
LL='lld'
LN_S='ln -s'
LTLIBOBJS=''
LT_SYS_LIBRARY_PATH=''
MAINT=''
MAINTAINER_MODE_FALSE='#'
MAINTAINER_MODE_TRUE=''
MAKE='make'
MAKEINFO='${SHELL} /workspace/OpenROAD-flow-scripts/tools/openmpi-4.0.1/ompi/mca/io/romio321/romio/confdb/missing makeinfo'
MANIFEST_TOOL=':'
MIPS='0'
MKDIR_P='/usr/bin/mkdir -p'
MPIO_EXTRA_OBJECTS='get_errh.o set_errh.o'
MPIO_EXTRA_REAL_POBJECTS='_get_errh.o _set_errh.o'
MPIO_EXTRA_TMP_POBJECTS='get_errh.p set_errh.p'
MPIO_GLUE_DEFAULT_FALSE=''
MPIO_GLUE_DEFAULT_TRUE=''
MPIO_GLUE_MPICH_FALSE=''
MPIO_GLUE_MPICH_TRUE=''
MPIO_GLUE_OPENMPI_FALSE=''
MPIO_GLUE_OPENMPI_TRUE=''
MPIRUN=''
MPI_FARRAY1=''
MPI_FARRAY2=''
MPI_FARRAY3=''
MPI_FARRAY4=''
MPI_FARRAY5=''
MPI_FARRAY6=''
MPI_FARRAY7=''
MPI_FINFO1='!'
MPI_FINFO2='!'
MPI_FINFO3='!'
MPI_FINFO4='!'
MPI_H_INCLUDE=''
MPI_INCLUDE_DIR='.'
MPI_LIB=''
MPI_OFFSET_KIND1='!'
MPI_OFFSET_KIND2='!'
MPI_OFFSET_TYPE='long long'
NEEDS_MPI_FINT=''
NM='/usr/bin/nm -B'
NMEDIT=''
NOF77='1'
NOPROFILE='0'
OBJDUMP='objdump'
OBJEXT='o'
OMPI_TOP_BUILDDIR='$(top_builddir)/../../../../..'
OMPI_TOP_SRCDIR='$(top_srcdir)/../../../../..'
OTOOL64=''
OTOOL=''
PACKAGE='romio'
PACKAGE_BUGREPORT='discuss@mpich.org'
PACKAGE_NAME='ROMIO'
PACKAGE_STRING='ROMIO Open MPI'
PACKAGE_TARNAME='romio'
PACKAGE_URL='http://www.mpich.org/'
PACKAGE_VERSION='Open MPI'
PATH_SEPARATOR=':'
PVFS2_CONFIG='notfound'
RANLIB='ranlib'
ROMIO_HOME='/workspace/OpenROAD-flow-scripts/tools/openmpi-4.0.1/ompi/mca/io/romio321/romio'
ROMIO_INCLUDE=''
ROMIO_LFLAGS=''
ROMIO_TCFLAGS=''
ROMIO_TCPPFLAGS=''
ROMIO_TFFLAGS=''
SED='/usr/bin/sed'
SET_CFLAGS='CFLAGS='
SET_MAKE='MAKE=make'
SHELL='/bin/bash'
STRIP='strip'
SYSDEP_INC=''
TEST_CC='gcc'
TEST_F77=''
TEST_LIBNAME=''
USER_CFLAGS='-O3 -DNDEBUG -finline-functions -fno-strict-aliasing -mcx16 -pthread -D__EXTENSIONS__ -O'
USER_FFLAGS=' -O'
VERSION='Open MPI'
VPATH='VPATH=.:${srcdir}'
WITHIN_KNOWN_MPI_IMPL='yes'
ac_ct_AR='ar'
ac_ct_CC=''
ac_ct_DUMPBIN=''
ac_ct_F77=''
ac_ct_FC=''
am__EXEEXT_FALSE=''
am__EXEEXT_TRUE=''
am__fastdepCC_FALSE='#'
am__fastdepCC_TRUE=''
am__include='include'
am__isrc=''
am__leading_dot='.'
am__nodep='_no'
am__quote=''
am__tar='$${TAR-tar} chof - "$$tardir"'
am__untar='$${TAR-tar} xf -'
arch_IRIX=''
bindir='${exec_prefix}/bin'
build='x86_64-unknown-linux-gnu'
build_alias=''
build_cpu='x86_64'
build_os='linux-gnu'
build_vendor='unknown'
datadir='${datarootdir}'
datarootdir='${prefix}/share'
docdir='${datarootdir}/doc/${PACKAGE_TARNAME}'
dvidir='${docdir}'
exec_prefix='NONE'
host='x86_64-unknown-linux-gnu'
host_alias=''
host_cpu='x86_64'
host_os='linux-gnu'
host_vendor='unknown'
htmldir='${docdir}'
includedir='${prefix}/include'
infodir='${datarootdir}/info'
install_sh='${SHELL} /workspace/OpenROAD-flow-scripts/tools/openmpi-4.0.1/ompi/mca/io/romio321/romio/confdb/install-sh'
libdir='${exec_prefix}/lib'
libexecdir='${exec_prefix}/libexec'
localedir='${datarootdir}/locale'
localstatedir='${prefix}/var'
mandir='${datarootdir}/man'
master_top_builddir=''
master_top_srcdir=''
master_topbuild_dir=''
mkdir_p='$(MKDIR_P)'
oldincludedir='/usr/include'
pdfdir='${docdir}'
prefix='NONE'
program_transform_name='s,x,x,'
psdir='${docdir}'
sbindir='${exec_prefix}/sbin'
sharedstatedir='${prefix}/com'
srcdir='.'
sysconfdir='${prefix}/etc'
target_alias=''
top_build_dir='/workspace/OpenROAD-flow-scripts/tools/openmpi-4.0.1/ompi/mca/io/romio321/romio'

## ----------- ##
## confdefs.h. ##
## ----------- ##

/* confdefs.h */
#define PACKAGE_NAME "ROMIO"
#define PACKAGE_TARNAME "romio"
#define PACKAGE_VERSION "Open MPI"
#define PACKAGE_STRING "ROMIO Open MPI"
#define PACKAGE_BUGREPORT "discuss@mpich.org"
#define PACKAGE_URL "http://www.mpich.org/"
#define PACKAGE "romio"
#define VERSION "Open MPI"
#define STDC_HEADERS 1
#define HAVE_SYS_TYPES_H 1
#define HAVE_SYS_STAT_H 1
#define HAVE_STDLIB_H 1
#define HAVE_STRING_H 1
#define HAVE_MEMORY_H 1
#define HAVE_STRINGS_H 1
#define HAVE_INTTYPES_H 1
#define HAVE_STDINT_H 1
#define HAVE_UNISTD_H 1
#define HAVE_DLFCN_H 1
#define LT_OBJDIR ".libs/"
#define HAVE_MPI_OFFSET 1
#define SIZEOF_LONG_LONG 8
#define HAVE_MEMALIGN 1
#define HAVE_UNISTD_H 1
#define HAVE_FCNTL_H 1
#define HAVE_MALLOC_H 1
#define HAVE_STDDEF_H 1
#define HAVE_SYS_TYPES_H 1
#define HAVE_LIMITS_H 1
#define HAVE_TIME_H 1
#define SIZEOF_INT 4
#define SIZEOF_VOID_P 8
#define INT_LT_POINTER 1
#define HAVE_INT_LT_POINTER 1
#define SIZEOF_LONG_LONG 8
#define HAVE_LONG_LONG_64 1
#define HAVE_MPI_LONG_LONG_INT 1
#define HAVE_MPI_INFO 1
#define ROMIO_NFS 1
#define ROMIO_UFS 1
#define ROMIO_TESTFS 1
#define ROMIO_RUN_ON_LINUX 1
#define HAVE_SYS_VFS_H 1
#define HAVE_SYS_PARAM_H 1
#define HAVE_SYS_MOUNT_H 1

configure: caught signal 2
configure: exit 1
